# Wed Apr 19 00:18:49 2023


Copyright (C) 1994-2021 Synopsys, Inc.
This Synopsys software and all associated documentation are proprietary to Synopsys, Inc.
and may only be used pursuant to the terms and conditions of a written license agreement
with Synopsys, Inc. All other use, reproduction, modification, or distribution of the
Synopsys software or the associated documentation is strictly prohibited.
Tool: HAPS (R) ProtoCompiler 100
Build: R-2020.12-SP1-1
Install: /usr/cadtool/csr5306/synopsys/protocomp/R-2020.12-SP1-1
OS: CentOS Linux 7 (Core)
Hostname: ws42
max virtual memory: unlimited (bytes)
max user processes: 4096
max stack size: 10485760 (bytes)


Database state : /home/m110/m110063559/lab/Lab1_PCflow/UC_LED_DEMO/|pp0
Synopsys Xilinx Technology Mapper, Version map202012pcp4, Build 193R, Built Apr  8 2022 21:27:09, @4216327


Mapper Startup Complete (Real Time elapsed 0h:00m:00s; CPU Time elapsed 0h:00m:00s; Memory used current: 238MB peak: 238MB)


Done reading skeleton netlist (Real Time elapsed 0h:00m:00s; CPU Time elapsed 0h:00m:00s; Memory used current: 249MB peak: 249MB)

@N: MF913 |Option synthesis_strategy=fast is enabled. 
@N: MF248 |Running in 64-bit mode.

Design Input Complete (Real Time elapsed 0h:00m:00s; CPU Time elapsed 0h:00m:00s; Memory used current: 253MB peak: 253MB)


Mapper Initialization Complete (Real Time elapsed 0h:00m:00s; CPU Time elapsed 0h:00m:00s; Memory used current: 253MB peak: 253MB)


Start loading timing files (Real Time elapsed 0h:00m:00s; CPU Time elapsed 0h:00m:00s; Memory used current: 253MB peak: 253MB)


Finished loading timing files (Real Time elapsed 0h:00m:00s; CPU Time elapsed 0h:00m:00s; Memory used current: 253MB peak: 253MB)

@N: MF796 |Maximum number of parallel jobs set to 4

Target FPGA is on a HAPS-100 board, running ProtoCompiler.
@N: BN569 |Target FPGA is located at FBx_x (Type HAPS-100_Sx).  

Done reading skeleton netlist (Real Time elapsed 0h:00m:10s; CPU Time elapsed 0h:00m:10s; Memory used current: 782MB peak: 782MB)


Done reading skeleton netlist (Real Time elapsed 0h:00m:10s; CPU Time elapsed 0h:00m:10s; Memory used current: 782MB peak: 782MB)


Finished loading design (Real Time elapsed 0h:00m:11s; CPU Time elapsed 0h:00m:11s; Memory used current: 784MB peak: 784MB)


Total number of SRS groups in design: 1

@S1 | Mapping summary

@N: MF797 |Total number of groups created: 1
@N: MF796 |Maximum number of parallel jobs set to 4

==========================================Summary for Mapping===========================================
Hierarchical Instance Name     Mapping Status         Total Time     Total CPU Time     Peak Memory used
--------------------------------------------------------------------------------------------------------
work.top.verilog               Mapped|No database     0h:00m:12s     0h:00m:11s         869 MB          
========================================================================================================

@N: MF798 |Total elapsed time: 0h:00m:23s
@N: MF799 |Maximum elapsed time for a single group: 0h:00m:12s
@N: MF840 |Maximum CPU time for a single group: 0h:00m:11s


Links to Reports:
*****************
@L:"/home/m110/m110063559/lab/Lab1_PCflow/UC_LED_DEMO/pre_partition/pp0/synwork/top_area_est_map.srr" "Log file for work.top.verilog"

===============

@S2 |Detailed Reports for Mapping
@S2.1 | Log messages for work.top.verilog
@N: MF913 |Option synthesis_strategy=fast is enabled. 
@N: MF248 |Running in 64-bit mode.
@N: BN362 :|Removing sequential instance B2REG[16:0] (in view: work.preaddsquaremultp(verilog)) of type view:PrimLib.sdffre(prim) because it does not drive other instances.
@N: BN362 :|Removing sequential instance B1REG[16:0] (in view: work.preaddsquaremultp(verilog)) of type view:PrimLib.sdffre(prim) because it does not drive other instances.
@N: BN362 :|Removing sequential instance B2REG[16:0] (in view: work.preaddsquaremultadd(verilog)) of type view:PrimLib.sdffre(prim) because it does not drive other instances.
@N: BN362 :|Removing sequential instance B1REG[16:0] (in view: work.preaddsquaremultadd(verilog)) of type view:PrimLib.sdffre(prim) because it does not drive other instances.
@N: BN362 :|Removing sequential instance B2REG[16:0] (in view: work.preaddsquaremultaddcin(verilog)) of type view:PrimLib.sdffre(prim) because it does not drive other instances.
@N: BN362 :|Removing sequential instance B1REG[16:0] (in view: work.preaddsquaremultaddcin(verilog)) of type view:PrimLib.sdffre(prim) because it does not drive other instances.
@N: BN362 :|Removing sequential instance B2REG[16:0] (in view: work.preaddsquaremultaddcinnotz(verilog)) of type view:PrimLib.sdffre(prim) because it does not drive other instances.
@N: BN362 :|Removing sequential instance B1REG[16:0] (in view: work.preaddsquaremultaddcinnotz(verilog)) of type view:PrimLib.sdffre(prim) because it does not drive other instances.
@N: BN362 :|Removing sequential instance B2REG[16:0] (in view: work.preaddsquaremultsub(verilog)) of type view:PrimLib.sdffre(prim) because it does not drive other instances.
@N: BN362 :|Removing sequential instance B1REG[16:0] (in view: work.preaddsquaremultsub(verilog)) of type view:PrimLib.sdffre(prim) because it does not drive other instances.
@N: BN362 :|Removing sequential instance B2REG[16:0] (in view: work.preaddsquaremultacc(verilog)) of type view:PrimLib.sdffre(prim) because it does not drive other instances.
@N: BN362 :|Removing sequential instance B1REG[16:0] (in view: work.preaddsquaremultacc(verilog)) of type view:PrimLib.sdffre(prim) because it does not drive other instances.
@N: BN362 :|Removing sequential instance B2REG[16:0] (in view: work.preaddsquaremultaccadd(verilog)) of type view:PrimLib.sdffre(prim) because it does not drive other instances.
@N: BN362 :|Removing sequential instance B1REG[16:0] (in view: work.preaddsquaremultaccadd(verilog)) of type view:PrimLib.sdffre(prim) because it does not drive other instances.
@N: BN362 :|Removing sequential instance B2REG[16:0] (in view: work.preaddsquaremultaccadd2(verilog)) of type view:PrimLib.sdffre(prim) because it does not drive other instances.
@N: BN362 :|Removing sequential instance B1REG[16:0] (in view: work.preaddsquaremultaccadd2(verilog)) of type view:PrimLib.sdffre(prim) because it does not drive other instances.
@N: BN362 :|Removing sequential instance B2REG[16:0] (in view: work.preaddsquaremultaccadd3(verilog)) of type view:PrimLib.sdffre(prim) because it does not drive other instances.
@N: BN362 :|Removing sequential instance B1REG[16:0] (in view: work.preaddsquaremultaccadd3(verilog)) of type view:PrimLib.sdffre(prim) because it does not drive other instances.
@N: BN362 :|Removing sequential instance B2REG[16:0] (in view: work.preaddsquaremultaccaddcin(verilog)) of type view:PrimLib.sdffre(prim) because it does not drive other instances.
@N: BN362 :|Removing sequential instance B1REG[16:0] (in view: work.preaddsquaremultaccaddcin(verilog)) of type view:PrimLib.sdffre(prim) because it does not drive other instances.
@N: BN362 :|Removing sequential instance B2REG[16:0] (in view: work.preaddsquaremultaccaddcin2(verilog)) of type view:PrimLib.sdffre(prim) because it does not drive other instances.
@N: BN362 :|Removing sequential instance B1REG[16:0] (in view: work.preaddsquaremultaccaddcin2(verilog)) of type view:PrimLib.sdffre(prim) because it does not drive other instances.
@N: BN362 :|Removing sequential instance B2REG[16:0] (in view: work.preaddsquaremultaccaddcin3(verilog)) of type view:PrimLib.sdffre(prim) because it does not drive other instances.
@N: BN362 :|Removing sequential instance B1REG[16:0] (in view: work.preaddsquaremultaccaddcin3(verilog)) of type view:PrimLib.sdffre(prim) because it does not drive other instances.
@N: BN362 :|Removing sequential instance B2REG[16:0] (in view: work.preaddsquaremultaccload(verilog)) of type view:PrimLib.sdffre(prim) because it does not drive other instances.
@N: BN362 :|Removing sequential instance B1REG[16:0] (in view: work.preaddsquaremultaccload(verilog)) of type view:PrimLib.sdffre(prim) because it does not drive other instances.
@N: BN362 :|Removing sequential instance B2REG[16:0] (in view: work.preaddsquaremultaccload2(verilog)) of type view:PrimLib.sdffre(prim) because it does not drive other instances.
@N: BN362 :|Removing sequential instance B1REG[16:0] (in view: work.preaddsquaremultaccload2(verilog)) of type view:PrimLib.sdffre(prim) because it does not drive other instances.
@N: BN362 :|Removing sequential instance B2REG[16:0] (in view: work.preaddsquaremultaccload3(verilog)) of type view:PrimLib.sdffre(prim) because it does not drive other instances.
@N: BN362 :|Removing sequential instance B1REG[16:0] (in view: work.preaddsquaremultaccload3(verilog)) of type view:PrimLib.sdffre(prim) because it does not drive other instances.
@N: BN362 :|Removing sequential instance B2REG[16:0] (in view: work.preaddsquaremultaccloadswap(verilog)) of type view:PrimLib.sdffre(prim) because it does not drive other instances.
@N: BN362 :|Removing sequential instance B1REG[16:0] (in view: work.preaddsquaremultaccloadswap(verilog)) of type view:PrimLib.sdffre(prim) because it does not drive other instances.
@N: BN362 :|Removing sequential instance B2REG[16:0] (in view: work.preaddsquaremultaccloadswap2(verilog)) of type view:PrimLib.sdffre(prim) because it does not drive other instances.
@N: BN362 :|Removing sequential instance B1REG[16:0] (in view: work.preaddsquaremultaccloadswap2(verilog)) of type view:PrimLib.sdffre(prim) because it does not drive other instances.
@N: BN362 :|Removing sequential instance B2REG[16:0] (in view: work.preaddsquaremultaccloadswap3(verilog)) of type view:PrimLib.sdffre(prim) because it does not drive other instances.
@N: BN362 :|Removing sequential instance B1REG[16:0] (in view: work.preaddsquaremultaccloadswap3(verilog)) of type view:PrimLib.sdffre(prim) because it does not drive other instances.
@N: BN362 :|Removing sequential instance B2REG[16:0] (in view: work.preaddsquaremultshift171(verilog)) of type view:PrimLib.sdffre(prim) because it does not drive other instances.
@N: BN362 :|Removing sequential instance B1REG[16:0] (in view: work.preaddsquaremultshift171(verilog)) of type view:PrimLib.sdffre(prim) because it does not drive other instances.
@N: BN362 :|Removing sequential instance B2REG[16:0] (in view: work.preaddsquaremultshift172(verilog)) of type view:PrimLib.sdffre(prim) because it does not drive other instances.
@N: BN362 :|Removing sequential instance B1REG[16:0] (in view: work.preaddsquaremultshift172(verilog)) of type view:PrimLib.sdffre(prim) because it does not drive other instances.
@N: BN362 :|Removing sequential instance B2REG[16:0] (in view: work.preaddsquaremultaddconst1(verilog)) of type view:PrimLib.sdffre(prim) because it does not drive other instances.
@N: BN362 :|Removing sequential instance B1REG[16:0] (in view: work.preaddsquaremultaddconst1(verilog)) of type view:PrimLib.sdffre(prim) because it does not drive other instances.
@N: BN362 :|Removing sequential instance B2REG[16:0] (in view: work.preaddsquaremultaddconst2(verilog)) of type view:PrimLib.sdffre(prim) because it does not drive other instances.
@N: BN362 :|Removing sequential instance B1REG[16:0] (in view: work.preaddsquaremultaddconst2(verilog)) of type view:PrimLib.sdffre(prim) because it does not drive other instances.
@N: BN362 :|Removing sequential instance B2REG[16:0] (in view: work.preaddsquaremultaddconst3(verilog)) of type view:PrimLib.sdffre(prim) because it does not drive other instances.
@N: BN362 :|Removing sequential instance B1REG[16:0] (in view: work.preaddsquaremultaddconst3(verilog)) of type view:PrimLib.sdffre(prim) because it does not drive other instances.
@N: BN362 :|Removing sequential instance B2REG[16:0] (in view: work.preaddsquaremultaddsub(verilog)) of type view:PrimLib.sdffre(prim) because it does not drive other instances.
@N: BN362 :|Removing sequential instance B1REG[16:0] (in view: work.preaddsquaremultaddsub(verilog)) of type view:PrimLib.sdffre(prim) because it does not drive other instances.
@N: BN362 :|Removing sequential instance B2REG[16:0] (in view: work.preaddsquaremultaccccout(verilog)) of type view:PrimLib.sdffre(prim) because it does not drive other instances.
@N: BN362 :|Removing sequential instance B1REG[16:0] (in view: work.preaddsquaremultaccccout(verilog)) of type view:PrimLib.sdffre(prim) because it does not drive other instances.
@N: BN362 :|Removing sequential instance B2REG[16:0] (in view: work.preaddsquaremultaccccincout(verilog)) of type view:PrimLib.sdffre(prim) because it does not drive other instances.
@N: BN362 :|Removing sequential instance B1REG[16:0] (in view: work.preaddsquaremultaccccincout(verilog)) of type view:PrimLib.sdffre(prim) because it does not drive other instances.
@N: BN362 :|Removing sequential instance B2REG[17:0] (in view: work.preaddsquaresmultp(verilog)) of type view:PrimLib.sdffre(prim) because it does not drive other instances.
@N: BN362 :|Removing sequential instance B1REG[17:0] (in view: work.preaddsquaresmultp(verilog)) of type view:PrimLib.sdffre(prim) because it does not drive other instances.
@N: BN362 :|Removing sequential instance B2REG[17:0] (in view: work.preaddsquaresmultadd(verilog)) of type view:PrimLib.sdffre(prim) because it does not drive other instances.
@N: BN362 :|Removing sequential instance B1REG[17:0] (in view: work.preaddsquaresmultadd(verilog)) of type view:PrimLib.sdffre(prim) because it does not drive other instances.
@N: BN362 :|Removing sequential instance B2REG[17:0] (in view: work.preaddsquaresmultaddcin(verilog)) of type view:PrimLib.sdffre(prim) because it does not drive other instances.
@N: BN362 :|Removing sequential instance B1REG[17:0] (in view: work.preaddsquaresmultaddcin(verilog)) of type view:PrimLib.sdffre(prim) because it does not drive other instances.
@N: BN362 :|Removing sequential instance B2REG[17:0] (in view: work.preaddsquaresmultaddcinnotz(verilog)) of type view:PrimLib.sdffre(prim) because it does not drive other instances.
@N: BN362 :|Removing sequential instance B1REG[17:0] (in view: work.preaddsquaresmultaddcinnotz(verilog)) of type view:PrimLib.sdffre(prim) because it does not drive other instances.
@N: BN362 :|Removing sequential instance B2REG[17:0] (in view: work.preaddsquaresmultsub(verilog)) of type view:PrimLib.sdffre(prim) because it does not drive other instances.
@N: BN362 :|Removing sequential instance B1REG[17:0] (in view: work.preaddsquaresmultsub(verilog)) of type view:PrimLib.sdffre(prim) because it does not drive other instances.
@N: BN362 :|Removing sequential instance B2REG[17:0] (in view: work.preaddsquaresmultacc(verilog)) of type view:PrimLib.sdffre(prim) because it does not drive other instances.
@N: BN362 :|Removing sequential instance B1REG[17:0] (in view: work.preaddsquaresmultacc(verilog)) of type view:PrimLib.sdffre(prim) because it does not drive other instances.
@N: BN362 :|Removing sequential instance B2REG[17:0] (in view: work.preaddsquaresmultaccadd(verilog)) of type view:PrimLib.sdffre(prim) because it does not drive other instances.
@N: BN362 :|Removing sequential instance B1REG[17:0] (in view: work.preaddsquaresmultaccadd(verilog)) of type view:PrimLib.sdffre(prim) because it does not drive other instances.
@N: BN362 :|Removing sequential instance B2REG[17:0] (in view: work.preaddsquaresmultaccadd2(verilog)) of type view:PrimLib.sdffre(prim) because it does not drive other instances.
@N: BN362 :|Removing sequential instance B1REG[17:0] (in view: work.preaddsquaresmultaccadd2(verilog)) of type view:PrimLib.sdffre(prim) because it does not drive other instances.
@N: BN362 :|Removing sequential instance B2REG[17:0] (in view: work.preaddsquaresmultaccadd3(verilog)) of type view:PrimLib.sdffre(prim) because it does not drive other instances.
@N: BN362 :|Removing sequential instance B1REG[17:0] (in view: work.preaddsquaresmultaccadd3(verilog)) of type view:PrimLib.sdffre(prim) because it does not drive other instances.
@N: BN362 :|Removing sequential instance B2REG[17:0] (in view: work.preaddsquaresmultaccaddcin(verilog)) of type view:PrimLib.sdffre(prim) because it does not drive other instances.
@N: BN362 :|Removing sequential instance B1REG[17:0] (in view: work.preaddsquaresmultaccaddcin(verilog)) of type view:PrimLib.sdffre(prim) because it does not drive other instances.
@N: BN362 :|Removing sequential instance B2REG[17:0] (in view: work.preaddsquaresmultaccaddcin2(verilog)) of type view:PrimLib.sdffre(prim) because it does not drive other instances.
@N: BN362 :|Removing sequential instance B1REG[17:0] (in view: work.preaddsquaresmultaccaddcin2(verilog)) of type view:PrimLib.sdffre(prim) because it does not drive other instances.
@N: BN362 :|Removing sequential instance B2REG[17:0] (in view: work.preaddsquaresmultaccaddcin3(verilog)) of type view:PrimLib.sdffre(prim) because it does not drive other instances.
@N: BN362 :|Removing sequential instance B1REG[17:0] (in view: work.preaddsquaresmultaccaddcin3(verilog)) of type view:PrimLib.sdffre(prim) because it does not drive other instances.
@N: BN362 :|Removing sequential instance B2REG[17:0] (in view: work.preaddsquaresmultaccload(verilog)) of type view:PrimLib.sdffre(prim) because it does not drive other instances.
@N: BN362 :|Removing sequential instance B1REG[17:0] (in view: work.preaddsquaresmultaccload(verilog)) of type view:PrimLib.sdffre(prim) because it does not drive other instances.
@N: BN362 :|Removing sequential instance B2REG[17:0] (in view: work.preaddsquaresmultaccload2(verilog)) of type view:PrimLib.sdffre(prim) because it does not drive other instances.
@N: BN362 :|Removing sequential instance B1REG[17:0] (in view: work.preaddsquaresmultaccload2(verilog)) of type view:PrimLib.sdffre(prim) because it does not drive other instances.
@N: BN362 :|Removing sequential instance B2REG[17:0] (in view: work.preaddsquaresmultaccload3(verilog)) of type view:PrimLib.sdffre(prim) because it does not drive other instances.
@N: BN362 :|Removing sequential instance B1REG[17:0] (in view: work.preaddsquaresmultaccload3(verilog)) of type view:PrimLib.sdffre(prim) because it does not drive other instances.
@N: BN362 :|Removing sequential instance B2REG[17:0] (in view: work.preaddsquaresmultaccloadswap(verilog)) of type view:PrimLib.sdffre(prim) because it does not drive other instances.
@N: BN362 :|Removing sequential instance B1REG[17:0] (in view: work.preaddsquaresmultaccloadswap(verilog)) of type view:PrimLib.sdffre(prim) because it does not drive other instances.
@N: BN362 :|Removing sequential instance B2REG[17:0] (in view: work.preaddsquaresmultaccloadswap2(verilog)) of type view:PrimLib.sdffre(prim) because it does not drive other instances.
@N: BN362 :|Removing sequential instance B1REG[17:0] (in view: work.preaddsquaresmultaccloadswap2(verilog)) of type view:PrimLib.sdffre(prim) because it does not drive other instances.
@N: BN362 :|Removing sequential instance B2REG[17:0] (in view: work.preaddsquaresmultaccloadswap3(verilog)) of type view:PrimLib.sdffre(prim) because it does not drive other instances.
@N: BN362 :|Removing sequential instance B1REG[17:0] (in view: work.preaddsquaresmultaccloadswap3(verilog)) of type view:PrimLib.sdffre(prim) because it does not drive other instances.
@N: BN362 :|Removing sequential instance B2REG[17:0] (in view: work.preaddsquaresmultshift171(verilog)) of type view:PrimLib.sdffre(prim) because it does not drive other instances.
@N: BN362 :|Removing sequential instance B1REG[17:0] (in view: work.preaddsquaresmultshift171(verilog)) of type view:PrimLib.sdffre(prim) because it does not drive other instances.
@N: BN362 :|Removing sequential instance B2REG[17:0] (in view: work.preaddsquaresmultshift172(verilog)) of type view:PrimLib.sdffre(prim) because it does not drive other instances.
@N: BN362 :|Removing sequential instance B1REG[17:0] (in view: work.preaddsquaresmultshift172(verilog)) of type view:PrimLib.sdffre(prim) because it does not drive other instances.
@N: BN362 :|Removing sequential instance B2REG[17:0] (in view: work.preaddsquaresmultaddconst1(verilog)) of type view:PrimLib.sdffre(prim) because it does not drive other instances.
@N: BN362 :|Removing sequential instance B1REG[17:0] (in view: work.preaddsquaresmultaddconst1(verilog)) of type view:PrimLib.sdffre(prim) because it does not drive other instances.
@N: BN362 :|Removing sequential instance B2REG[17:0] (in view: work.preaddsquaresmultaddconst2(verilog)) of type view:PrimLib.sdffre(prim) because it does not drive other instances.
@N: BN362 :|Removing sequential instance B1REG[17:0] (in view: work.preaddsquaresmultaddconst2(verilog)) of type view:PrimLib.sdffre(prim) because it does not drive other instances.
@N: BN362 :|Removing sequential instance B2REG[17:0] (in view: work.preaddsquaresmultaddconst3(verilog)) of type view:PrimLib.sdffre(prim) because it does not drive other instances.
@N: BN362 :|Removing sequential instance B1REG[17:0] (in view: work.preaddsquaresmultaddconst3(verilog)) of type view:PrimLib.sdffre(prim) because it does not drive other instances.
@N: BN362 :|Removing sequential instance B2REG[17:0] (in view: work.preaddsquaresmultaddsub(verilog)) of type view:PrimLib.sdffre(prim) because it does not drive other instances.
@N: BN362 :|Removing sequential instance B1REG[17:0] (in view: work.preaddsquaresmultaddsub(verilog)) of type view:PrimLib.sdffre(prim) because it does not drive other instances.
@N: FX164 |The option to pack registers in the IOB has not been specified. Please set syn_useioff attribute.  
@N: FX623 |Packing into LUT6_2

Finished map design (Real Time elapsed 0h:00m:23s; CPU Time elapsed 0h:00m:23s; Memory used current: 794MB peak: 794MB)


Finished area estimation in mapper mode (Real Time elapsed 0h:00m:23s; CPU Time elapsed 0h:00m:23s; Memory used current: 794MB peak: 794MB)

Mapper successful!

At Mapper Exit (Real Time elapsed 0h:00m:23s; CPU Time elapsed 0h:00m:23s; Memory used current: 794MB peak: 794MB)

Process took 0h:00m:23s realtime, 0h:00m:23s cputime
# Wed Apr 19 00:19:13 2023

###########################################################]
