
Copyright (C) 1994-2021 Synopsys, Inc.
This Synopsys software and all associated documentation are proprietary to Synopsys, Inc.
and may only be used pursuant to the terms and conditions of a written license agreement
with Synopsys, Inc. All other use, reproduction, modification, or distribution of the
Synopsys software or the associated documentation is strictly prohibited.
Tool: HAPS (R) ProtoCompiler 100
Build: R-2020.12-SP1-1
Install: /usr/cadtool/csr5306/synopsys/protocomp/R-2020.12-SP1-1
OS: CentOS Linux 7 (Core)
Hostname: ws42
max virtual memory: unlimited (bytes)
max user processes: 4096
max stack size: 10485760 (bytes)


Database state : /home/m110/m110063559/lab/Lab1_PCflow/UC_LED_DEMO/|pp0
Synopsys ProtoCompiler Partitioner/Router, Version map202012pcp4, Build 193R, Built Apr  8 2022 21:27:09, @4216327


@N: AP152 |(Real Time elapsed 0h:00m:10s; CPU Time elapsed 0h:00m:10s)
Timing graph for view alu
   Nodes 31 (Constrained: 0), Edges 36, Dissolve Edges 749
   Build Time 0.0059929
Timing graph for view top
   Nodes 33 (Constrained: 0), Edges 30, Dissolve Edges 30
   Build Time 0.000424828
@N: MF848 |Writing compressed timing models.
@N: AP152 |(Real Time elapsed 0h:00m:10s; CPU Time elapsed 0h:00m:10s)
Complete
