
Copyright (C) 1994-2021 Synopsys, Inc.
This Synopsys software and all associated documentation are proprietary to Synopsys, Inc.
and may only be used pursuant to the terms and conditions of a written license agreement
with Synopsys, Inc. All other use, reproduction, modification, or distribution of the
Synopsys software or the associated documentation is strictly prohibited.
Tool: HAPS (R) ProtoCompiler 100
Build: R-2020.12-SP1-1
Install: /usr/cadtool/csr5306/synopsys/protocomp/R-2020.12-SP1-1
OS: CentOS Linux 7 (Core)
Hostname: ws42
max virtual memory: unlimited (bytes)
max user processes: 4096
max stack size: 10485760 (bytes)


Database state : /home/m110/m110063559/lab/Lab1_PCflow/UC_LED_DEMO/|pp0

# Written on Wed Apr 19 00:19:01 2023

##### FILES SYNTAX CHECKED ##############################################
Constraint File(s):      "/home/m110/m110063559/lab/Lab1_PCflow/top_ucdb/cclock_map.tcl"
                         "/home/m110/m110063559/lab/Lab1_PCflow/design.fdc"

#Run constraint checker to find more issues with constraints.
#########################################################################



No issues found in constraint syntax.

