#
#Copyright (C) 1994-2021 Synopsys, Inc.
#This Synopsys software and all associated documentation are proprietary to Synopsys, Inc.
#and may only be used pursuant to the terms and conditions of a written license agreement
#with Synopsys, Inc. All other use, reproduction, modification, or distribution of the
#Synopsys software or the associated documentation is strictly prohibited.
#Tool: HAPS (R) ProtoCompiler 100
#Build: R-2020.12-SP1-1
#Install: /usr/cadtool/csr5306/synopsys/protocomp/R-2020.12-SP1-1
#OS: CentOS Linux 7 (Core)
#Hostname: ws42

#Database state : /home/m110/m110063559/lab/Lab1_PCflow/UC_LED_DEMO/|pa0
#Synopsys ProtoCompiler Partitioner/Router, Version map202012pcp4, Build 193R, Built Apr  8 2022 21:27:09, @4216327



@S1 AP337 |Connection Model
connection_model DIRECT -modules { \
}
connection_model HSTDM_ERD -modules { \
   HSTDM_ERD_7 7
   HSTDM_ERD_15 15
   HSTDM_ERD_22 22
   HSTDM_ERD_30 30
   HSTDM_ERD_37 37
   HSTDM_ERD_45 45
   HSTDM_ERD_52 52
   HSTDM_ERD_60 60
   HSTDM_ERD_67 67
   HSTDM_ERD_75 75
   HSTDM_ERD_82 82
   HSTDM_ERD_90 90
   HSTDM_ERD_97 97
   HSTDM_ERD_105 105
   HSTDM_ERD_112 112
   HSTDM_ERD_120 120
   HSTDM_ERD_150 150
   HSTDM_ERD_180 180
   HSTDM_ERD_210 210
   HSTDM_ERD_240 240
}
connection_model ACPM -modules { \
   ACPM_2 2
   ACPM_3 3
   ACPM_4 4
   ACPM_5 5
   ACPM_6 6
   ACPM_7 7
   ACPM_8 8
   ACPM_9 9
   ACPM_10 10
   ACPM_11 11
   ACPM_12 12
   ACPM_13 13
   ACPM_14 14
   ACPM_15 15
   ACPM_16 16
   ACPM_17 17
   ACPM_18 18
   ACPM_19 19
   ACPM_20 20
   ACPM_24 24
   ACPM_28 28
   ACPM_32 32
}
connection_model HSTDM -modules { \
   HSTDM_8 8
   HSTDM_16 16
   HSTDM_24 24
   HSTDM_32 32
   HSTDM_40 40
   HSTDM_48 48
   HSTDM_56 56
   HSTDM_64 64
   HSTDM_72 72
   HSTDM_80 80
   HSTDM_88 88
   HSTDM_96 96
   HSTDM_104 104
   HSTDM_112 112
   HSTDM_120 120
   HSTDM_128 128
   HSTDM_160 160
   HSTDM_192 192
   HSTDM_224 224
   HSTDM_256 256
}
connection_model HSTDMSE -modules { \
   HSTDM_8 8
   HSTDM_16 16
   HSTDM_24 24
   HSTDM_32 32
   HSTDM_40 40
   HSTDM_48 48
   HSTDM_56 56
   HSTDM_64 64
   HSTDM_72 72
   HSTDM_80 80
   HSTDM_88 88
   HSTDM_96 96
   HSTDM_104 104
   HSTDM_112 112
   HSTDM_120 120
   HSTDM_128 128
   HSTDM_160 160
   HSTDM_192 192
   HSTDM_224 224
   HSTDM_256 256
}
connection_model HSTDMSE_ERD -modules { \
   HSTDM_ERD_7 7
   HSTDM_ERD_15 15
   HSTDM_ERD_22 22
   HSTDM_ERD_30 30
   HSTDM_ERD_37 37
   HSTDM_ERD_45 45
   HSTDM_ERD_52 52
   HSTDM_ERD_60 60
   HSTDM_ERD_67 67
   HSTDM_ERD_75 75
   HSTDM_ERD_82 82
   HSTDM_ERD_90 90
   HSTDM_ERD_97 97
   HSTDM_ERD_105 105
   HSTDM_ERD_112 112
   HSTDM_ERD_120 120
   HSTDM_ERD_150 150
   HSTDM_ERD_180 180
   HSTDM_ERD_210 210
   HSTDM_ERD_240 240
}
connection_model MGTDM_Y -modules { \
   HSTDM_MGT_64 64
   HSTDM_MGT_128 128
   HSTDM_MGT_256 256
   HSTDM_MGT_512 512
   HSTDM_MGT_1024 1024
}
connection_model MGTDM -modules { \
   HSTDM_ERD_MGT_256 256
   HSTDM_ERD_MGT_512 512
   HSTDM_ERD_MGT_1024 1024
}

@S2 AP336 |Implied Constraints
assign_cell alu1 {FB1.uA}
# from assign_port clk1

@S3 AP339 |Dissolve

@S4 AP341 |Assignments

@S4.1 AP342 |Port Assignments
assign_port {accum1[0]} {TOP_IO_HT3_FB1_B5}
assign_port {accum1[1]} {TOP_IO_HT3_FB1_B5}
assign_port {accum1[2]} {TOP_IO_HT3_FB1_B5}
assign_port {accum1[3]} {TOP_IO_HT3_FB1_B5}
assign_port {accum1[4]} {TOP_IO_HT3_FB1_B5}
assign_port {accum1[5]} {TOP_IO_HT3_FB1_B5}
assign_port {accum1[6]} {TOP_IO_HT3_FB1_B5}
assign_port {accum1[7]} {TOP_IO_HT3_FB1_B5}
assign_port {alu_out1[0]} -trace {FB1_B5_A[0]}
assign_port {alu_out1[1]} -trace {FB1_B5_A[1]}
assign_port {alu_out1[2]} -trace {FB1_B5_A[2]}
assign_port {alu_out1[3]} -trace {FB1_B5_A[3]}
assign_port {alu_out1[4]} -trace {FB1_B5_A[4]}
assign_port {alu_out1[5]} -trace {FB1_B5_A[5]}
assign_port {alu_out1[6]} -trace {FB1_B5_A[6]}
assign_port {alu_out1[7]} -trace {FB1_B5_A[7]}
assign_port {clk1} {FB1.PLL1}
assign_port {data1[0]} {TOP_IO_HT3_FB1_B5}
assign_port {data1[1]} {TOP_IO_HT3_FB1_B5}
assign_port {data1[2]} {TOP_IO_HT3_FB1_B5}
assign_port {data1[3]} {TOP_IO_HT3_FB1_B5}
assign_port {data1[4]} {TOP_IO_HT3_FB1_B5}
assign_port {data1[5]} {TOP_IO_HT3_FB1_B5}
assign_port {data1[6]} {TOP_IO_HT3_FB1_B5}
assign_port {data1[7]} {TOP_IO_HT3_FB1_B5}
assign_port {opcode1[0]} {TOP_IO_HT3_FB1_B5}
assign_port {opcode1[1]} {TOP_IO_HT3_FB1_B5}
assign_port {opcode1[2]} {TOP_IO_HT3_FB1_B5}
assign_port {zero1} -trace {FB1_B5_A[8]}

@S4.2 AP343 |Hierarchical Cell Assignments
assign_cell {alu1} {FB1.uA}
   # LUT 64 DFF 8 

@S4.3 AP344 |Random Logic Assignments
assign_cell {clk1} {FB1.uA}
assign_cell {reset} {FB1.uA}
assign_cell {hyper_connect_USR_LOCAL_RESET} {FB1.uA}

@S5 AP381 |Cell Connections
cell_connections alu1 \
   -total_connections 30 \
   -assigned_bin FB1.uA -constrained_to FB1.uA -local_connections 1 \
   -bins {FB1.uA} -count 1 \
   -bins {FB1.uA TOP_IO_HT3_FB1_B5} -count 28 \
   -bins {FB1.uA FB1.PLL1} -count 1 \
   -usage {LUT 64 DFF 8 }

cell_connections reset \
   -total_connections 2 \
   -assigned_bin FB1.uA -constrained_to FB1.uA -local_connections 2 \
   -bins {FB1.uA} -count 2 \
   -usage {DFF 1 }

cell_connections clk1 \
   -total_connections 1 \
   -assigned_bin FB1.uA -constrained_to FB1.uA -local_connections 0 \
   -bins {FB1.uA FB1.PLL1} -count 1 \
   -usage {}

cell_connections hyper_connect_USR_LOCAL_RESET \
   -total_connections 1 \
   -assigned_bin FB1.uA -constrained_to FB1.uA -local_connections 1 \
   -bins {FB1.uA} -count 1 \
   -usage {}


@S6 AP345 |Net and Global Routing Information
@N: AP305 |This section contains information only for nets that are external to FPGAs
@N: AP305 |The 'net_connections' reports in this section report only one cell or port per bin


@S6.1 AP346 |Routed Nets

net_attribute -tdm_qualified 0 opcode1[2]
net_connections -num_pins 2 opcode1[2] \
   -sink_cell {FB1.uA alu1}
# route tree for opcode1[2]
# TOP_IO_HT3_FB1_B5 (R) (L 0)->(TOP_IO_HT3_FB1_B5)->FB1.uB (L 1)->(FB1_A1_B19)->FB1.uA (L 2)
global_route opcode1[2] \
   -feedthrough -from TOP_IO_HT3_FB1_B5 -to FB1.uA -through {FB1.uB} -using {TOP_IO_HT3_FB1_B5 FB1_A1_B19}

net_attribute -tdm_qualified 0 opcode1[1]
net_connections -num_pins 2 opcode1[1] \
   -sink_cell {FB1.uA alu1}
# route tree for opcode1[1]
# TOP_IO_HT3_FB1_B5 (R) (L 0)->(TOP_IO_HT3_FB1_B5)->FB1.uB (L 1)->(FB1_A1_B19)->FB1.uA (L 2)
global_route opcode1[1] \
   -feedthrough -from TOP_IO_HT3_FB1_B5 -to FB1.uA -through {FB1.uB} -using {TOP_IO_HT3_FB1_B5 FB1_A1_B19}

net_attribute -tdm_qualified 0 data1[4]
net_connections -num_pins 2 data1[4] \
   -sink_cell {FB1.uA alu1}
# route tree for data1[4]
# TOP_IO_HT3_FB1_B5 (R) (L 0)->(TOP_IO_HT3_FB1_B5)->FB1.uB (L 1)->(FB1_A1_B19)->FB1.uA (L 2)
global_route data1[4] \
   -feedthrough -from TOP_IO_HT3_FB1_B5 -to FB1.uA -through {FB1.uB} -using {TOP_IO_HT3_FB1_B5 FB1_A1_B19}

net_attribute -tdm_qualified 0 zero1
net_connections -num_pins 2 zero1 \
   -sink_port {TOP_IO_HT3_FB1_B5 zero1}
# route tree for zero1
# FB1.uA (R) (L 0)->(T_FB1.uA_FB1.uB_2)->FB1.uB (L 1)->(TOP_IO_HT3_FB1_B5)->TOP_IO_HT3_FB1_B5 (L 2)
global_route zero1 \
   -feedthrough -from FB1.uA -to TOP_IO_HT3_FB1_B5 -through {FB1.uB} -using {T_FB1.uA_FB1.uB_2 TOP_IO_HT3_FB1_B5}

net_attribute -tdm_qualified 0 data1[3]
net_connections -num_pins 2 data1[3] \
   -sink_cell {FB1.uA alu1}
# route tree for data1[3]
# TOP_IO_HT3_FB1_B5 (R) (L 0)->(TOP_IO_HT3_FB1_B5)->FB1.uB (L 1)->(FB1_A1_B19)->FB1.uA (L 2)
global_route data1[3] \
   -feedthrough -from TOP_IO_HT3_FB1_B5 -to FB1.uA -through {FB1.uB} -using {TOP_IO_HT3_FB1_B5 FB1_A1_B19}

net_attribute -tdm_qualified 0 opcode1[0]
net_connections -num_pins 2 opcode1[0] \
   -sink_cell {FB1.uA alu1}
# route tree for opcode1[0]
# TOP_IO_HT3_FB1_B5 (R) (L 0)->(TOP_IO_HT3_FB1_B5)->FB1.uB (L 1)->(FB1_A1_B19_1)->FB1.uA (L 2)
global_route opcode1[0] \
   -feedthrough -from TOP_IO_HT3_FB1_B5 -to FB1.uA -through {FB1.uB} -using {TOP_IO_HT3_FB1_B5 FB1_A1_B19_1}

net_attribute -tdm_qualified 0 data1[2]
net_connections -num_pins 2 data1[2] \
   -sink_cell {FB1.uA alu1}
# route tree for data1[2]
# TOP_IO_HT3_FB1_B5 (R) (L 0)->(TOP_IO_HT3_FB1_B5)->FB1.uB (L 1)->(FB1_A1_B19_1)->FB1.uA (L 2)
global_route data1[2] \
   -feedthrough -from TOP_IO_HT3_FB1_B5 -to FB1.uA -through {FB1.uB} -using {TOP_IO_HT3_FB1_B5 FB1_A1_B19_1}

net_attribute -tdm_qualified 0 data1[5]
net_connections -num_pins 2 data1[5] \
   -sink_cell {FB1.uA alu1}
# route tree for data1[5]
# TOP_IO_HT3_FB1_B5 (R) (L 0)->(TOP_IO_HT3_FB1_B5)->FB1.uB (L 1)->(T_FB1.uA_FB1.uB_2)->FB1.uA (L 2)
global_route data1[5] \
   -feedthrough -from TOP_IO_HT3_FB1_B5 -to FB1.uA -through {FB1.uB} -using {TOP_IO_HT3_FB1_B5 T_FB1.uA_FB1.uB_2}

net_attribute -tdm_qualified 0 data1[1]
net_connections -num_pins 2 data1[1] \
   -sink_cell {FB1.uA alu1}
# route tree for data1[1]
# TOP_IO_HT3_FB1_B5 (R) (L 0)->(TOP_IO_HT3_FB1_B5)->FB1.uB (L 1)->(FB1_A1_B19_1)->FB1.uA (L 2)
global_route data1[1] \
   -feedthrough -from TOP_IO_HT3_FB1_B5 -to FB1.uA -through {FB1.uB} -using {TOP_IO_HT3_FB1_B5 FB1_A1_B19_1}

net_attribute -tdm_qualified 0 data1[0]
net_connections -num_pins 2 data1[0] \
   -sink_cell {FB1.uA alu1}
# route tree for data1[0]
# TOP_IO_HT3_FB1_B5 (R) (L 0)->(TOP_IO_HT3_FB1_B5)->FB1.uB (L 1)->(FB1_A1_B19)->FB1.uA (L 2)
global_route data1[0] \
   -feedthrough -from TOP_IO_HT3_FB1_B5 -to FB1.uA -through {FB1.uB} -using {TOP_IO_HT3_FB1_B5 FB1_A1_B19}

net_attribute -tdm_qualified 0 accum1[7]
net_connections -num_pins 2 accum1[7] \
   -sink_cell {FB1.uA alu1}
# route tree for accum1[7]
# TOP_IO_HT3_FB1_B5 (R) (L 0)->(TOP_IO_HT3_FB1_B5)->FB1.uB (L 1)->(FB1_A1_B19)->FB1.uA (L 2)
global_route accum1[7] \
   -feedthrough -from TOP_IO_HT3_FB1_B5 -to FB1.uA -through {FB1.uB} -using {TOP_IO_HT3_FB1_B5 FB1_A1_B19}

net_attribute -tdm_qualified 0 accum1[5]
net_connections -num_pins 2 accum1[5] \
   -sink_cell {FB1.uA alu1}
# route tree for accum1[5]
# TOP_IO_HT3_FB1_B5 (R) (L 0)->(TOP_IO_HT3_FB1_B5)->FB1.uB (L 1)->(FB1_A1_B19_1)->FB1.uA (L 2)
global_route accum1[5] \
   -feedthrough -from TOP_IO_HT3_FB1_B5 -to FB1.uA -through {FB1.uB} -using {TOP_IO_HT3_FB1_B5 FB1_A1_B19_1}

net_attribute -tdm_qualified 0 accum1[3]
net_connections -num_pins 2 accum1[3] \
   -sink_cell {FB1.uA alu1}
# route tree for accum1[3]
# TOP_IO_HT3_FB1_B5 (R) (L 0)->(TOP_IO_HT3_FB1_B5)->FB1.uB (L 1)->(FB1_A1_B19)->FB1.uA (L 2)
global_route accum1[3] \
   -feedthrough -from TOP_IO_HT3_FB1_B5 -to FB1.uA -through {FB1.uB} -using {TOP_IO_HT3_FB1_B5 FB1_A1_B19}

net_attribute -tdm_qualified 0 accum1[1]
net_connections -num_pins 2 accum1[1] \
   -sink_cell {FB1.uA alu1}
# route tree for accum1[1]
# TOP_IO_HT3_FB1_B5 (R) (L 0)->(TOP_IO_HT3_FB1_B5)->FB1.uB (L 1)->(FB1_A1_B19_1)->FB1.uA (L 2)
global_route accum1[1] \
   -feedthrough -from TOP_IO_HT3_FB1_B5 -to FB1.uA -through {FB1.uB} -using {TOP_IO_HT3_FB1_B5 FB1_A1_B19_1}

net_attribute -tdm_qualified 0 accum1[0]
net_connections -num_pins 2 accum1[0] \
   -sink_cell {FB1.uA alu1}
# route tree for accum1[0]
# TOP_IO_HT3_FB1_B5 (R) (L 0)->(TOP_IO_HT3_FB1_B5)->FB1.uB (L 1)->(T_FB1.uA_FB1.uB_2)->FB1.uA (L 2)
global_route accum1[0] \
   -feedthrough -from TOP_IO_HT3_FB1_B5 -to FB1.uA -through {FB1.uB} -using {TOP_IO_HT3_FB1_B5 T_FB1.uA_FB1.uB_2}

net_attribute -tdm_qualified 0 accum1[6]
net_connections -num_pins 2 accum1[6] \
   -sink_cell {FB1.uA alu1}
# route tree for accum1[6]
# TOP_IO_HT3_FB1_B5 (R) (L 0)->(TOP_IO_HT3_FB1_B5)->FB1.uB (L 1)->(FB1_A1_B19_1)->FB1.uA (L 2)
global_route accum1[6] \
   -feedthrough -from TOP_IO_HT3_FB1_B5 -to FB1.uA -through {FB1.uB} -using {TOP_IO_HT3_FB1_B5 FB1_A1_B19_1}

net_attribute -tdm_qualified 0 alu_out1[6]
net_connections -num_pins 2 alu_out1[6] \
   -sink_port {TOP_IO_HT3_FB1_B5 alu_out1[6]}
# route tree for alu_out1[6]
# FB1.uA (R) (L 0)->(FB1_A1_B19)->FB1.uB (L 1)->(TOP_IO_HT3_FB1_B5)->TOP_IO_HT3_FB1_B5 (L 2)
global_route alu_out1[6] \
   -feedthrough -from FB1.uA -to TOP_IO_HT3_FB1_B5 -through {FB1.uB} -using {FB1_A1_B19 TOP_IO_HT3_FB1_B5}

net_attribute -function GCLK -tdm_qualified 0 -is_clock 1 -feedthrough_allowed 0 clk1
net_connections -num_pins 3 clk1 \
   -sink_cell {FB1.uA alu1}
global_route clk1 \
   -from FB1.PLL1 -to {FB1.uA FB1.uB} -using T_FB1.PLL1_FB1.uA_FB1.uB_1 -tdm DIRECT

net_attribute -tdm_qualified 0 alu_out1[5]
net_connections -num_pins 2 alu_out1[5] \
   -sink_port {TOP_IO_HT3_FB1_B5 alu_out1[5]}
# route tree for alu_out1[5]
# FB1.uA (R) (L 0)->(FB1_A1_B19)->FB1.uB (L 1)->(TOP_IO_HT3_FB1_B5)->TOP_IO_HT3_FB1_B5 (L 2)
global_route alu_out1[5] \
   -feedthrough -from FB1.uA -to TOP_IO_HT3_FB1_B5 -through {FB1.uB} -using {FB1_A1_B19 TOP_IO_HT3_FB1_B5}

net_attribute -tdm_qualified 0 accum1[2]
net_connections -num_pins 2 accum1[2] \
   -sink_cell {FB1.uA alu1}
# route tree for accum1[2]
# TOP_IO_HT3_FB1_B5 (R) (L 0)->(TOP_IO_HT3_FB1_B5)->FB1.uB (L 1)->(FB1_A1_B19_1)->FB1.uA (L 2)
global_route accum1[2] \
   -feedthrough -from TOP_IO_HT3_FB1_B5 -to FB1.uA -through {FB1.uB} -using {TOP_IO_HT3_FB1_B5 FB1_A1_B19_1}

net_attribute -tdm_qualified 0 data1[7]
net_connections -num_pins 2 data1[7] \
   -sink_cell {FB1.uA alu1}
# route tree for data1[7]
# TOP_IO_HT3_FB1_B5 (R) (L 0)->(TOP_IO_HT3_FB1_B5)->FB1.uB (L 1)->(FB1_A1_B19_1)->FB1.uA (L 2)
global_route data1[7] \
   -feedthrough -from TOP_IO_HT3_FB1_B5 -to FB1.uA -through {FB1.uB} -using {TOP_IO_HT3_FB1_B5 FB1_A1_B19_1}

net_attribute -tdm_qualified 0 alu_out1[4]
net_connections -num_pins 2 alu_out1[4] \
   -sink_port {TOP_IO_HT3_FB1_B5 alu_out1[4]}
# route tree for alu_out1[4]
# FB1.uA (R) (L 0)->(FB1_A1_B19_1)->FB1.uB (L 1)->(TOP_IO_HT3_FB1_B5)->TOP_IO_HT3_FB1_B5 (L 2)
global_route alu_out1[4] \
   -feedthrough -from FB1.uA -to TOP_IO_HT3_FB1_B5 -through {FB1.uB} -using {FB1_A1_B19_1 TOP_IO_HT3_FB1_B5}

net_attribute -tdm_qualified 0 alu_out1[3]
net_connections -num_pins 2 alu_out1[3] \
   -sink_port {TOP_IO_HT3_FB1_B5 alu_out1[3]}
# route tree for alu_out1[3]
# FB1.uA (R) (L 0)->(FB1_A1_B19_1)->FB1.uB (L 1)->(TOP_IO_HT3_FB1_B5)->TOP_IO_HT3_FB1_B5 (L 2)
global_route alu_out1[3] \
   -feedthrough -from FB1.uA -to TOP_IO_HT3_FB1_B5 -through {FB1.uB} -using {FB1_A1_B19_1 TOP_IO_HT3_FB1_B5}

net_attribute -tdm_qualified 0 accum1[4]
net_connections -num_pins 2 accum1[4] \
   -sink_cell {FB1.uA alu1}
# route tree for accum1[4]
# TOP_IO_HT3_FB1_B5 (R) (L 0)->(TOP_IO_HT3_FB1_B5)->FB1.uB (L 1)->(FB1_A1_B19)->FB1.uA (L 2)
global_route accum1[4] \
   -feedthrough -from TOP_IO_HT3_FB1_B5 -to FB1.uA -through {FB1.uB} -using {TOP_IO_HT3_FB1_B5 FB1_A1_B19}

net_attribute -tdm_qualified 0 alu_out1[7]
net_connections -num_pins 2 alu_out1[7] \
   -sink_port {TOP_IO_HT3_FB1_B5 alu_out1[7]}
# route tree for alu_out1[7]
# FB1.uA (R) (L 0)->(FB1_A1_B19)->FB1.uB (L 1)->(TOP_IO_HT3_FB1_B5)->TOP_IO_HT3_FB1_B5 (L 2)
global_route alu_out1[7] \
   -feedthrough -from FB1.uA -to TOP_IO_HT3_FB1_B5 -through {FB1.uB} -using {FB1_A1_B19 TOP_IO_HT3_FB1_B5}

net_attribute -tdm_qualified 0 alu_out1[2]
net_connections -num_pins 2 alu_out1[2] \
   -sink_port {TOP_IO_HT3_FB1_B5 alu_out1[2]}
# route tree for alu_out1[2]
# FB1.uA (R) (L 0)->(FB1_A1_B19)->FB1.uB (L 1)->(TOP_IO_HT3_FB1_B5)->TOP_IO_HT3_FB1_B5 (L 2)
global_route alu_out1[2] \
   -feedthrough -from FB1.uA -to TOP_IO_HT3_FB1_B5 -through {FB1.uB} -using {FB1_A1_B19 TOP_IO_HT3_FB1_B5}

net_attribute -tdm_qualified 0 data1[6]
net_connections -num_pins 2 data1[6] \
   -sink_cell {FB1.uA alu1}
# route tree for data1[6]
# TOP_IO_HT3_FB1_B5 (R) (L 0)->(TOP_IO_HT3_FB1_B5)->FB1.uB (L 1)->(T_FB1.uA_FB1.uB_2)->FB1.uA (L 2)
global_route data1[6] \
   -feedthrough -from TOP_IO_HT3_FB1_B5 -to FB1.uA -through {FB1.uB} -using {TOP_IO_HT3_FB1_B5 T_FB1.uA_FB1.uB_2}

net_attribute -tdm_qualified 0 alu_out1[1]
net_connections -num_pins 2 alu_out1[1] \
   -sink_port {TOP_IO_HT3_FB1_B5 alu_out1[1]}
# route tree for alu_out1[1]
# FB1.uA (R) (L 0)->(FB1_A1_B19_1)->FB1.uB (L 1)->(TOP_IO_HT3_FB1_B5)->TOP_IO_HT3_FB1_B5 (L 2)
global_route alu_out1[1] \
   -feedthrough -from FB1.uA -to TOP_IO_HT3_FB1_B5 -through {FB1.uB} -using {FB1_A1_B19_1 TOP_IO_HT3_FB1_B5}

net_attribute -tdm_qualified 0 alu_out1[0]
net_connections -num_pins 2 alu_out1[0] \
   -sink_port {TOP_IO_HT3_FB1_B5 alu_out1[0]}
# route tree for alu_out1[0]
# FB1.uA (R) (L 0)->(FB1_A1_B19_1)->FB1.uB (L 1)->(TOP_IO_HT3_FB1_B5)->TOP_IO_HT3_FB1_B5 (L 2)
global_route alu_out1[0] \
   -feedthrough -from FB1.uA -to TOP_IO_HT3_FB1_B5 -through {FB1.uB} -using {FB1_A1_B19_1 TOP_IO_HT3_FB1_B5}

